<?xml version="1.0" encoding="UTF-8"?>
<testsuite xmlns:xsi="http://www.w3.org/2001/XMLSchema-instance" xsi:noNamespaceSchemaLocation="https://maven.apache.org/surefire/maven-surefire-plugin/xsd/surefire-test-report.xsd" name="com.example.AppTest" time="0.036" tests="1" errors="0" skipped="0" failures="0">
  <properties>
    <property name="java.specification.version" value="21"/>
    <property name="sun.cpu.isalist" value="amd64"/>
    <property name="sun.jnu.encoding" value="Cp1252"/>
    <property name="java.class.path" value="C:\wfm\esp\github-actions-test-project\github-actions-java\target\test-classes;C:\wfm\esp\github-actions-test-project\github-actions-java\target\classes;C:\Users\remurphy\.m2\repository\joda-time\joda-time\2.10.4\joda-time-2.10.4.jar;C:\Users\remurphy\.m2\repository\junit\junit\4.11\junit-4.11.jar;C:\Users\remurphy\.m2\repository\org\hamcrest\hamcrest-core\1.3\hamcrest-core-1.3.jar;"/>
    <property name="java.vm.vendor" value="Azul Systems, Inc."/>
    <property name="sun.arch.data.model" value="64"/>
    <property name="user.variant" value=""/>
    <property name="java.vendor.url" value="http://www.azul.com/"/>
    <property name="user.timezone" value="America/Chicago"/>
    <property name="os.name" value="Windows 11"/>
    <property name="java.vm.specification.version" value="21"/>
    <property name="sun.java.launcher" value="SUN_STANDARD"/>
    <property name="user.country" value="US"/>
    <property name="sun.boot.library.path" value="C:\wfm\java\jdk21\bin"/>
    <property name="sun.java.command" value="C:\Users\remurphy\AppData\Local\Temp\surefire11983856684029410166\surefirebooter17501417043705398092.jar C:\Users\remurphy\AppData\Local\Temp\surefire11983856684029410166 2025-02-26T16-17-31_840-jvmRun1 surefire5227411915166703030tmp surefire_012165337939516513470tmp"/>
    <property name="jdk.debug" value="release"/>
    <property name="surefire.test.class.path" value="C:\wfm\esp\github-actions-test-project\github-actions-java\target\test-classes;C:\wfm\esp\github-actions-test-project\github-actions-java\target\classes;C:\Users\remurphy\.m2\repository\joda-time\joda-time\2.10.4\joda-time-2.10.4.jar;C:\Users\remurphy\.m2\repository\junit\junit\4.11\junit-4.11.jar;C:\Users\remurphy\.m2\repository\org\hamcrest\hamcrest-core\1.3\hamcrest-core-1.3.jar;"/>
    <property name="sun.cpu.endian" value="little"/>
    <property name="user.home" value="C:\Users\remurphy"/>
    <property name="user.language" value="en"/>
    <property name="java.specification.vendor" value="Oracle Corporation"/>
    <property name="java.version.date" value="2024-07-16"/>
    <property name="java.home" value="C:\wfm\java\jdk21"/>
    <property name="file.separator" value="\"/>
    <property name="basedir" value="C:\wfm\esp\github-actions-test-project\github-actions-java"/>
    <property name="java.vm.compressedOopsMode" value="Zero based"/>
    <property name="line.separator" value="&#10;"/>
    <property name="java.vm.specification.vendor" value="Oracle Corporation"/>
    <property name="java.specification.name" value="Java Platform API Specification"/>
    <property name="surefire.real.class.path" value="C:\Users\remurphy\AppData\Local\Temp\surefire11983856684029410166\surefirebooter17501417043705398092.jar"/>
    <property name="user.script" value=""/>
    <property name="sun.management.compiler" value="HotSpot 64-Bit Tiered Compilers"/>
    <property name="java.runtime.version" value="21.0.4+7-LTS"/>
    <property name="user.name" value="remurphy"/>
    <property name="stdout.encoding" value="Cp1252"/>
    <property name="path.separator" value=";"/>
    <property name="os.version" value="10.0"/>
    <property name="java.runtime.name" value="OpenJDK Runtime Environment"/>
    <property name="file.encoding" value="UTF-8"/>
    <property name="java.vm.name" value="OpenJDK 64-Bit Server VM"/>
    <property name="java.vendor.version" value="Zulu21.36+18-SA"/>
    <property name="localRepository" value="C:\Users\remurphy\.m2\repository"/>
    <property name="java.vendor.url.bug" value="http://www.azul.com/support/"/>
    <property name="java.io.tmpdir" value="C:\Users\remurphy\AppData\Local\Temp\"/>
    <property name="java.version" value="21.0.4"/>
    <property name="user.dir" value="C:\wfm\esp\github-actions-test-project\github-actions-java"/>
    <property name="os.arch" value="amd64"/>
    <property name="java.vm.specification.name" value="Java Virtual Machine Specification"/>
    <property name="sun.os.patch.level" value=""/>
    <property name="native.encoding" value="Cp1252"/>
    <property name="java.library.path" value="C:\wfm\java\jdk21\bin;C:\WINDOWS\Sun\Java\bin;C:\WINDOWS\system32;C:\WINDOWS;C:\Python313\Scripts\;C:\Python313\;C:\Program Files\RBTools\bin;C:\wfm\java\jdk21\bin;C:\Program Files (x86)\Common Files\Oracle\Java\javapath;C:\WINDOWS\system32;C:\WINDOWS;C:\WINDOWS\System32\Wbem;C:\WINDOWS\System32\WindowsPowerShell\v1.0\;C:\WINDOWS\System32\OpenSSH\;C:\Program Files\apache-maven-3.6.3\bin;C:\Program Files\TortoiseSVN\bin;C:\Program Files\PuTTY\;C:\Program Files (x86)\GnuWin32\bin;C:\Program Files\Oracle\VirtualBox;C:\Program Files\docker;;C:\Users\remurphy\AppData\Roaming\nvm;C:\Users\remurphy\AppData\Roaming\nvm\v20.12.2;C:\Users\remurphy\AppData\Local\Android\Sdk\platform-tools;C:\wfm\stripe_1.21.7_windows_x86_64;C:\Program Files\Amazon\AWSCLIV2\;C:\Program Files\Amazon\AWSSAMCLI\bin\;C:\Program Files\Go\bin;C:\wfm\go\GOBIN;C:\Program Files\redis;C:\Program Files\MySQL\MySQL Server 8.4\bin;C:\Program Files\nodejs\;C:\ProgramData\chocolatey\bin;C:\Users\remurphy\AppData\Local\Programs\Python\Python310\Scripts\;C:\Users\remurphy\AppData\Local\Programs\Python\Python310\;C:\Users\remurphy\AppData\Local\Microsoft\WindowsApps;C:\Users\remurphy\AppData\Local\Programs\Microsoft VS Code\bin;C:\Program Files\apache-maven-3.6.3\bin;C:\Users\remurphy\AppData\Local\Programs\Git\cmd;C:\Program Files (x86)\Nmap;;C:\Users\remurphy\go\bin;C:\Program Files\JetBrains\IntelliJ IDEA 2024.3.2.2\bin;;C:\Users\remurphy\AppData\Roaming\npm;."/>
    <property name="java.vm.info" value="mixed mode, sharing"/>
    <property name="stderr.encoding" value="Cp1252"/>
    <property name="java.vendor" value="Azul Systems, Inc."/>
    <property name="java.vm.version" value="21.0.4+7-LTS"/>
    <property name="sun.io.unicode.encoding" value="UnicodeLittle"/>
    <property name="java.class.version" value="65.0"/>
  </properties>
  <testcase name="shouldAnswerWithTrue" classname="com.example.AppTest" time="0.004"/>
</testsuite>